<?xml version="1.0" encoding="UTF-8"?>
<testsuites name="Functional Test Suite" time="27.747" tests="2" failures="0" errors="0">
   <testsuite name="Functional Test Suite" tests="2" failures="0" errors="0" time="27.747" skipped="0" timestamp="2023-08-10 20:42:37" hostname="Naufal - DESKTOP-EISC94T.mshome.net" id="Test Suites/Functional Test Suite">
      <properties>
         <property name="deviceName" value=""/>
         <property name="devicePlatform" value=""/>
         <property name="logFolder" value="D:\\Coding\\Katalon\\project-awal\\Reports\\20230810_204224\\Functional Test Suite\\20230810_204224"/>
         <property name="logFiles" value="D:\\Coding\\Katalon\\project-awal\\Reports\\20230810_204224\\Functional Test Suite\\20230810_204224\\execution0.log"/>
         <property name="attachments" value="D:\\Coding\\Katalon\\project-awal\\Reports\\20230810_204224\\Functional Test Suite\\20230810_204224\\D:/Coding/Katalon/project-awal/ss/tes-ss.png"/>
         <property name="hostName" value="Naufal - DESKTOP-EISC94T.mshome.net"/>
         <property name="os" value="Windows 10 64bit"/>
         <property name="katalonVersion" value="8.5.5.208"/>
         <property name="browser" value="Chrome 115.0.0.0"/>
         <property name="hostAddress" value="172.17.48.1"/>
         <property name="sessionId" value="57b5dea282f823e3ec079908d2fa75c9"/>
         <property name="seleniumVersion" value="3.141.59"/>
         <property name="proxyInformation" value="ProxyInformation { proxyOption=NO_PROXY, proxyServerType=HTTP, username=, password=********, proxyServerAddress=, proxyServerPort=0, executionList=&quot;&quot;, isApplyToDesiredCapabilities=true }"/>
         <property name="platform" value="Windows 10"/>
      </properties>
      <testcase name="Test Cases/Auth Test/Custom - Business" time="12.786" classname="Test Cases/Auth Test/Custom - Business" status="PASSED">
         <system-out><![CDATA[2023-08-10 20:42:37 - [TEST_CASE][PASSED] - Test Cases/Auth Test/Custom - Business: Test Cases/Auth Test/Custom - Business

2023-08-10 20:42:37 - [TEST_STEP][PASSED] - openBrowser(""): Browser is opened with url: ''

2023-08-10 20:42:38 - [MESSAGE][INFO] - Starting 'Chrome' driver

2023-08-10 20:42:38 - [MESSAGE][INFO] - Action delay is set to 0 milliseconds

2023-08-10 20:42:40 - [MESSAGE][PASSED] - Browser is opened with url: ''

2023-08-10 20:42:40 - [TEST_STEP][PASSED] - navigateToUrl("https://the-internet.herokuapp.com/"): Navigate to 'https://the-internet.herokuapp.com/' successfully

2023-08-10 20:42:45 - [MESSAGE][PASSED] - Navigate to 'https://the-internet.herokuapp.com/' successfully

2023-08-10 20:42:45 - [TEST_STEP][PASSED] - click(findTestObject("Object Repository/Auth Page/a_Form Authentication")): Object: 'Object Repository/Auth Page/a_Form Authentication' is clicked on

2023-08-10 20:42:46 - [MESSAGE][PASSED] - Object: 'Object Repository/Auth Page/a_Form Authentication' is clicked on

2023-08-10 20:42:46 - [TEST_STEP][PASSED] - herokuapp.User.Login("tomsmith", "T6bVo8B8lVC7U1u1L64B7tu+ltX9y9HI"): herokuapp.User.Login is PASSED

2023-08-10 20:42:47 - [MESSAGE][PASSED] - Text 'tomsmith' is set on object 'Object Repository/Auth Page/input_Username_username'

2023-08-10 20:42:48 - [MESSAGE][PASSED] - Text ****** has been set on object 'Object Repository/Auth Page/input_Password_password'

2023-08-10 20:42:49 - [MESSAGE][PASSED] - Object: 'Object Repository/Auth Page/i_Login' is clicked on

2023-08-10 20:42:49 - [MESSAGE][PASSED] - herokuapp.User.Login is PASSED

2023-08-10 20:42:49 - [TEST_STEP][PASSED] - verifyElementVisible(findTestObject("Object Repository/Auth Page/h4_Welcome to the Secure Area. When you are_5c73fc")): Object 'Object Repository/Auth Page/h4_Welcome to the Secure Area. When you are_5c73fc' is visible

2023-08-10 20:42:49 - [MESSAGE][PASSED] - Object 'Object Repository/Auth Page/h4_Welcome to the Secure Area. When you are_5c73fc' is visible

2023-08-10 20:42:49 - [TEST_STEP][PASSED] - closeBrowser(): Browser is closed

2023-08-10 20:42:50 - [MESSAGE][PASSED] - Browser is closed]]></system-out>
         <system-err><![CDATA[]]></system-err>
      </testcase>
      <testcase name="Test Cases/Mouse hover" time="14.685" classname="Test Cases/Mouse hover" status="PASSED">
         <system-out><![CDATA[2023-08-10 20:42:50 - [TEST_CASE][PASSED] - Test Cases/Mouse hover: Test Cases/Mouse hover

2023-08-10 20:42:50 - [TEST_STEP][PASSED] - openBrowser("https://the-internet.herokuapp.com/hovers"): Browser is opened with url: 'https://the-internet.herokuapp.com/hovers'

2023-08-10 20:42:50 - [MESSAGE][INFO] - Starting 'Chrome' driver

2023-08-10 20:42:50 - [MESSAGE][INFO] - Action delay is set to 0 milliseconds

2023-08-10 20:42:56 - [MESSAGE][PASSED] - Browser is opened with url: 'https://the-internet.herokuapp.com/hovers'

2023-08-10 20:42:56 - [TEST_STEP][PASSED] - mouseOver(findTestObject("hover/image hover 1")): Object: 'Object Repository/hover/image hover 1' is hovered

2023-08-10 20:42:57 - [MESSAGE][PASSED] - Object: 'Object Repository/hover/image hover 1' is hovered

2023-08-10 20:42:57 - [TEST_STEP][PASSED] - delay(2): Delayed 2 second(s)

2023-08-10 20:42:59 - [MESSAGE][PASSED] - Delayed 2 second(s)

2023-08-10 20:42:59 - [TEST_STEP][PASSED] - takeScreenshot("D:/Coding/Katalon/project-awal/ss/tes-ss.png"): Taking screenshot successfully

2023-08-10 20:42:59 - [MESSAGE][PASSED] - Taking screenshot successfully
[[ATTACHMENT|D:\\Coding\\Katalon\\project-awal\\Reports\\20230810_204224\\Functional Test Suite\\20230810_204224\\D:/Coding/Katalon/project-awal/ss/tes-ss.png]]

2023-08-10 20:42:59 - [TEST_STEP][PASSED] - delay(2): Delayed 2 second(s)

2023-08-10 20:43:01 - [MESSAGE][PASSED] - Delayed 2 second(s)

2023-08-10 20:43:01 - [TEST_STEP][PASSED] - common.Utilities.refreshBrowser(): Refresh successfully

2023-08-10 20:43:01 - [MESSAGE][INFO] - Refreshing

2023-08-10 20:43:02 - [MESSAGE][PASSED] - Refresh successfully

2023-08-10 20:43:02 - [TEST_STEP][PASSED] - delay(2): Delayed 2 second(s)

2023-08-10 20:43:04 - [MESSAGE][PASSED] - Delayed 2 second(s)

2023-08-10 20:43:04 - [TEST_STEP][PASSED] - closeBrowser(): Browser is closed

2023-08-10 20:43:05 - [MESSAGE][PASSED] - Browser is closed]]></system-out>
         <system-err><![CDATA[]]></system-err>
      </testcase>
      <system-out><![CDATA[2023-08-10 20:42:37 - [TEST_SUITE][PASSED] - Functional Test Suite: Test Cases/Mouse hover]]></system-out>
      <system-err><![CDATA[]]></system-err>
   </testsuite>
</testsuites>
