<?xml version="1.0" encoding="UTF-8"?>
<testsuites name="Auth Excel" time="31.724" tests="3" failures="0" errors="0">
   <testsuite name="Auth Excel" tests="3" failures="0" errors="0" time="31.724" skipped="0" timestamp="2023-08-13 14:10:16" hostname="Naufal - DESKTOP-EISC94T.mshome.net" id="Test Suites/Auth Excel">
      <properties>
         <property name="deviceName" value=""/>
         <property name="devicePlatform" value=""/>
         <property name="logFolder" value="D:\\Coding\\Katalon\\project-awal\\Reports\\20230813_141006\\Auth Excel\\20230813_141006"/>
         <property name="logFiles" value="D:\\Coding\\Katalon\\project-awal\\Reports\\20230813_141006\\Auth Excel\\20230813_141006\\execution0.log"/>
         <property name="attachments" value=""/>
         <property name="hostName" value="Naufal - DESKTOP-EISC94T.mshome.net"/>
         <property name="os" value="Windows 10 64bit"/>
         <property name="katalonVersion" value="8.5.5.208"/>
         <property name="browser" value="Chrome 115.0.0.0"/>
         <property name="hostAddress" value="172.17.48.1"/>
         <property name="sessionId" value="9f29c7ffe65b25f5fc7e6f2ce338777a"/>
         <property name="seleniumVersion" value="3.141.59"/>
         <property name="proxyInformation" value="ProxyInformation { proxyOption=NO_PROXY, proxyServerType=HTTP, username=, password=********, proxyServerAddress=, proxyServerPort=0, executionList=&quot;&quot;, isApplyToDesiredCapabilities=true }"/>
         <property name="platform" value="Windows 10"/>
      </properties>
      <testcase name="Test Cases/Auth Test/Form Auth Excel" time="11.561" classname="Test Cases/Auth Test/Form Auth Excel" status="PASSED">
         <system-out><![CDATA[2023-08-13 14:10:17 - [TEST_CASE][PASSED] - Test Cases/Auth Test/Form Auth Excel: Test Cases/Auth Test/Form Auth Excel

2023-08-13 14:10:17 - [TEST_STEP][PASSED] - openBrowser(""): Browser is opened with url: ''

2023-08-13 14:10:17 - [MESSAGE][INFO] - Starting 'Chrome' driver

2023-08-13 14:10:17 - [MESSAGE][INFO] - Action delay is set to 0 milliseconds

2023-08-13 14:10:20 - [MESSAGE][PASSED] - Browser is opened with url: ''

2023-08-13 14:10:20 - [TEST_STEP][PASSED] - navigateToUrl("https://the-internet.herokuapp.com/"): Navigate to 'https://the-internet.herokuapp.com/' successfully

2023-08-13 14:10:24 - [MESSAGE][PASSED] - Navigate to 'https://the-internet.herokuapp.com/' successfully

2023-08-13 14:10:24 - [TEST_STEP][PASSED] - click(findTestObject("Object Repository/Auth Page/a_Form Authentication")): Object: 'Object Repository/Auth Page/a_Form Authentication' is clicked on

2023-08-13 14:10:25 - [MESSAGE][PASSED] - Object: 'Object Repository/Auth Page/a_Form Authentication' is clicked on

2023-08-13 14:10:25 - [TEST_STEP][PASSED] - setText(findTestObject("Object Repository/Auth Page/input_Username_username"), tcUname): Text 'tomsmith' is set on object 'Object Repository/Auth Page/input_Username_username'

2023-08-13 14:10:26 - [MESSAGE][PASSED] - Text 'tomsmith' is set on object 'Object Repository/Auth Page/input_Username_username'

2023-08-13 14:10:26 - [TEST_STEP][PASSED] - setText(findTestObject("Object Repository/Auth Page/input_Password_password"), tcPassword): Text 'SuperSecretPassword!' is set on object 'Object Repository/Auth Page/input_Password_password'

2023-08-13 14:10:26 - [MESSAGE][PASSED] - Text 'SuperSecretPassword!' is set on object 'Object Repository/Auth Page/input_Password_password'

2023-08-13 14:10:26 - [TEST_STEP][PASSED] - click(findTestObject("Object Repository/Auth Page/i_Login")): Object: 'Object Repository/Auth Page/i_Login' is clicked on

2023-08-13 14:10:27 - [MESSAGE][PASSED] - Object: 'Object Repository/Auth Page/i_Login' is clicked on

2023-08-13 14:10:27 - [TEST_STEP][PASSED] - verifyElementVisible(findTestObject("Object Repository/Auth Page/h4_Welcome to the Secure Area. When you are_5c73fc")): Object 'Object Repository/Auth Page/h4_Welcome to the Secure Area. When you are_5c73fc' is visible

2023-08-13 14:10:28 - [MESSAGE][PASSED] - Object 'Object Repository/Auth Page/h4_Welcome to the Secure Area. When you are_5c73fc' is visible

2023-08-13 14:10:28 - [TEST_STEP][PASSED] - closeBrowser(): Browser is closed

2023-08-13 14:10:28 - [MESSAGE][PASSED] - Browser is closed]]></system-out>
         <system-err><![CDATA[]]></system-err>
      </testcase>
      <testcase name="Test Cases/Auth Test/Form Auth Excel" time="9.916" classname="Test Cases/Auth Test/Form Auth Excel" status="PASSED">
         <system-out><![CDATA[2023-08-13 14:10:28 - [TEST_CASE][PASSED] - Test Cases/Auth Test/Form Auth Excel: Test Cases/Auth Test/Form Auth Excel

2023-08-13 14:10:28 - [TEST_STEP][PASSED] - openBrowser(""): Browser is opened with url: ''

2023-08-13 14:10:28 - [MESSAGE][INFO] - Starting 'Chrome' driver

2023-08-13 14:10:28 - [MESSAGE][INFO] - Action delay is set to 0 milliseconds

2023-08-13 14:10:29 - [MESSAGE][PASSED] - Browser is opened with url: ''

2023-08-13 14:10:29 - [TEST_STEP][PASSED] - navigateToUrl("https://the-internet.herokuapp.com/"): Navigate to 'https://the-internet.herokuapp.com/' successfully

2023-08-13 14:10:34 - [MESSAGE][PASSED] - Navigate to 'https://the-internet.herokuapp.com/' successfully

2023-08-13 14:10:34 - [TEST_STEP][PASSED] - click(findTestObject("Object Repository/Auth Page/a_Form Authentication")): Object: 'Object Repository/Auth Page/a_Form Authentication' is clicked on

2023-08-13 14:10:35 - [MESSAGE][PASSED] - Object: 'Object Repository/Auth Page/a_Form Authentication' is clicked on

2023-08-13 14:10:35 - [TEST_STEP][PASSED] - setText(findTestObject("Object Repository/Auth Page/input_Username_username"), tcUname): Text 'tomsmith' is set on object 'Object Repository/Auth Page/input_Username_username'

2023-08-13 14:10:36 - [MESSAGE][PASSED] - Text 'tomsmith' is set on object 'Object Repository/Auth Page/input_Username_username'

2023-08-13 14:10:36 - [TEST_STEP][PASSED] - setText(findTestObject("Object Repository/Auth Page/input_Password_password"), tcPassword): Text 'SuperSecretPassword!' is set on object 'Object Repository/Auth Page/input_Password_password'

2023-08-13 14:10:36 - [MESSAGE][PASSED] - Text 'SuperSecretPassword!' is set on object 'Object Repository/Auth Page/input_Password_password'

2023-08-13 14:10:36 - [TEST_STEP][PASSED] - click(findTestObject("Object Repository/Auth Page/i_Login")): Object: 'Object Repository/Auth Page/i_Login' is clicked on

2023-08-13 14:10:37 - [MESSAGE][PASSED] - Object: 'Object Repository/Auth Page/i_Login' is clicked on

2023-08-13 14:10:37 - [TEST_STEP][PASSED] - verifyElementVisible(findTestObject("Object Repository/Auth Page/h4_Welcome to the Secure Area. When you are_5c73fc")): Object 'Object Repository/Auth Page/h4_Welcome to the Secure Area. When you are_5c73fc' is visible

2023-08-13 14:10:38 - [MESSAGE][PASSED] - Object 'Object Repository/Auth Page/h4_Welcome to the Secure Area. When you are_5c73fc' is visible

2023-08-13 14:10:38 - [TEST_STEP][PASSED] - closeBrowser(): Browser is closed

2023-08-13 14:10:38 - [MESSAGE][PASSED] - Browser is closed]]></system-out>
         <system-err><![CDATA[]]></system-err>
      </testcase>
      <testcase name="Test Cases/Auth Test/Form Auth Excel" time="9.806" classname="Test Cases/Auth Test/Form Auth Excel" status="PASSED">
         <system-out><![CDATA[2023-08-13 14:10:38 - [TEST_CASE][PASSED] - Test Cases/Auth Test/Form Auth Excel: Test Cases/Auth Test/Form Auth Excel

2023-08-13 14:10:38 - [TEST_STEP][PASSED] - openBrowser(""): Browser is opened with url: ''

2023-08-13 14:10:38 - [MESSAGE][INFO] - Starting 'Chrome' driver

2023-08-13 14:10:38 - [MESSAGE][INFO] - Action delay is set to 0 milliseconds

2023-08-13 14:10:39 - [MESSAGE][PASSED] - Browser is opened with url: ''

2023-08-13 14:10:39 - [TEST_STEP][PASSED] - navigateToUrl("https://the-internet.herokuapp.com/"): Navigate to 'https://the-internet.herokuapp.com/' successfully

2023-08-13 14:10:44 - [MESSAGE][PASSED] - Navigate to 'https://the-internet.herokuapp.com/' successfully

2023-08-13 14:10:44 - [TEST_STEP][PASSED] - click(findTestObject("Object Repository/Auth Page/a_Form Authentication")): Object: 'Object Repository/Auth Page/a_Form Authentication' is clicked on

2023-08-13 14:10:45 - [MESSAGE][PASSED] - Object: 'Object Repository/Auth Page/a_Form Authentication' is clicked on

2023-08-13 14:10:45 - [TEST_STEP][PASSED] - setText(findTestObject("Object Repository/Auth Page/input_Username_username"), tcUname): Text 'tomsmith' is set on object 'Object Repository/Auth Page/input_Username_username'

2023-08-13 14:10:45 - [MESSAGE][PASSED] - Text 'tomsmith' is set on object 'Object Repository/Auth Page/input_Username_username'

2023-08-13 14:10:45 - [TEST_STEP][PASSED] - setText(findTestObject("Object Repository/Auth Page/input_Password_password"), tcPassword): Text 'SuperSecretPassword!' is set on object 'Object Repository/Auth Page/input_Password_password'

2023-08-13 14:10:46 - [MESSAGE][PASSED] - Text 'SuperSecretPassword!' is set on object 'Object Repository/Auth Page/input_Password_password'

2023-08-13 14:10:46 - [TEST_STEP][PASSED] - click(findTestObject("Object Repository/Auth Page/i_Login")): Object: 'Object Repository/Auth Page/i_Login' is clicked on

2023-08-13 14:10:47 - [MESSAGE][PASSED] - Object: 'Object Repository/Auth Page/i_Login' is clicked on

2023-08-13 14:10:47 - [TEST_STEP][PASSED] - verifyElementVisible(findTestObject("Object Repository/Auth Page/h4_Welcome to the Secure Area. When you are_5c73fc")): Object 'Object Repository/Auth Page/h4_Welcome to the Secure Area. When you are_5c73fc' is visible

2023-08-13 14:10:47 - [MESSAGE][PASSED] - Object 'Object Repository/Auth Page/h4_Welcome to the Secure Area. When you are_5c73fc' is visible

2023-08-13 14:10:47 - [TEST_STEP][PASSED] - closeBrowser(): Browser is closed

2023-08-13 14:10:48 - [MESSAGE][PASSED] - Browser is closed]]></system-out>
         <system-err><![CDATA[]]></system-err>
      </testcase>
      <system-out><![CDATA[2023-08-13 14:10:16 - [TEST_SUITE][PASSED] - Auth Excel: Test Cases/Auth Test/Form Auth Excel]]></system-out>
      <system-err><![CDATA[]]></system-err>
   </testsuite>
</testsuites>
