<?xml version="1.0" encoding="UTF-8"?>
<testsuites name="Auth Internal Data" time="32.708" tests="3" failures="0" errors="0">
   <testsuite name="Auth Internal Data" tests="3" failures="0" errors="0" time="32.708" skipped="0" timestamp="2023-08-13 14:14:21" hostname="Naufal - DESKTOP-EISC94T.mshome.net" id="Test Suites/Auth Internal Data">
      <properties>
         <property name="deviceName" value=""/>
         <property name="devicePlatform" value=""/>
         <property name="logFolder" value="D:\\Coding\\Katalon\\project-awal\\Reports\\20230813_141411\\Auth Internal Data\\20230813_141411"/>
         <property name="logFiles" value="D:\\Coding\\Katalon\\project-awal\\Reports\\20230813_141411\\Auth Internal Data\\20230813_141411\\execution0.log"/>
         <property name="attachments" value=""/>
         <property name="hostName" value="Naufal - DESKTOP-EISC94T.mshome.net"/>
         <property name="os" value="Windows 10 64bit"/>
         <property name="katalonVersion" value="8.5.5.208"/>
         <property name="browser" value="Chrome 115.0.0.0"/>
         <property name="hostAddress" value="172.17.48.1"/>
         <property name="sessionId" value="557e4f11e08ac67a381adb90f030a0af"/>
         <property name="seleniumVersion" value="3.141.59"/>
         <property name="proxyInformation" value="ProxyInformation { proxyOption=NO_PROXY, proxyServerType=HTTP, username=, password=********, proxyServerAddress=, proxyServerPort=0, executionList=&quot;&quot;, isApplyToDesiredCapabilities=true }"/>
         <property name="platform" value="Windows 10"/>
      </properties>
      <testcase name="Test Cases/Auth Test/Form Auth Data Driven" time="11.743" classname="Test Cases/Auth Test/Form Auth Data Driven" status="PASSED">
         <system-out><![CDATA[2023-08-13 14:14:21 - [TEST_CASE][PASSED] - Test Cases/Auth Test/Form Auth Data Driven: Test Cases/Auth Test/Form Auth Data Driven

2023-08-13 14:14:22 - [TEST_STEP][PASSED] - openBrowser(""): Browser is opened with url: ''

2023-08-13 14:14:22 - [MESSAGE][INFO] - Starting 'Chrome' driver

2023-08-13 14:14:22 - [MESSAGE][INFO] - Action delay is set to 0 milliseconds

2023-08-13 14:14:24 - [MESSAGE][PASSED] - Browser is opened with url: ''

2023-08-13 14:14:24 - [TEST_STEP][PASSED] - navigateToUrl("https://the-internet.herokuapp.com/"): Navigate to 'https://the-internet.herokuapp.com/' successfully

2023-08-13 14:14:28 - [MESSAGE][PASSED] - Navigate to 'https://the-internet.herokuapp.com/' successfully

2023-08-13 14:14:28 - [TEST_STEP][PASSED] - click(findTestObject("Object Repository/Auth Page/a_Form Authentication")): Object: 'Object Repository/Auth Page/a_Form Authentication' is clicked on

2023-08-13 14:14:29 - [MESSAGE][PASSED] - Object: 'Object Repository/Auth Page/a_Form Authentication' is clicked on

2023-08-13 14:14:29 - [TEST_STEP][PASSED] - setText(findTestObject("Object Repository/Auth Page/input_Username_username"), tcUname): Text 'tomsmith' is set on object 'Object Repository/Auth Page/input_Username_username'

2023-08-13 14:14:30 - [MESSAGE][PASSED] - Text 'tomsmith' is set on object 'Object Repository/Auth Page/input_Username_username'

2023-08-13 14:14:30 - [TEST_STEP][PASSED] - setText(findTestObject("Object Repository/Auth Page/input_Password_password"), tcPassword): Text 'SuperSecretPassword!' is set on object 'Object Repository/Auth Page/input_Password_password'

2023-08-13 14:14:31 - [MESSAGE][PASSED] - Text 'SuperSecretPassword!' is set on object 'Object Repository/Auth Page/input_Password_password'

2023-08-13 14:14:31 - [TEST_STEP][PASSED] - click(findTestObject("Object Repository/Auth Page/i_Login")): Object: 'Object Repository/Auth Page/i_Login' is clicked on

2023-08-13 14:14:32 - [MESSAGE][PASSED] - Object: 'Object Repository/Auth Page/i_Login' is clicked on

2023-08-13 14:14:32 - [TEST_STEP][PASSED] - verifyElementVisible(findTestObject("Object Repository/Auth Page/h4_Welcome to the Secure Area. When you are_5c73fc")): Object 'Object Repository/Auth Page/h4_Welcome to the Secure Area. When you are_5c73fc' is visible

2023-08-13 14:14:32 - [MESSAGE][PASSED] - Object 'Object Repository/Auth Page/h4_Welcome to the Secure Area. When you are_5c73fc' is visible

2023-08-13 14:14:32 - [TEST_STEP][PASSED] - closeBrowser(): Browser is closed

2023-08-13 14:14:33 - [MESSAGE][PASSED] - Browser is closed]]></system-out>
         <system-err><![CDATA[]]></system-err>
      </testcase>
      <testcase name="Test Cases/Auth Test/Form Auth Data Driven" time="10.02" classname="Test Cases/Auth Test/Form Auth Data Driven" status="PASSED">
         <system-out><![CDATA[2023-08-13 14:14:33 - [TEST_CASE][PASSED] - Test Cases/Auth Test/Form Auth Data Driven: Test Cases/Auth Test/Form Auth Data Driven

2023-08-13 14:14:33 - [TEST_STEP][PASSED] - openBrowser(""): Browser is opened with url: ''

2023-08-13 14:14:33 - [MESSAGE][INFO] - Starting 'Chrome' driver

2023-08-13 14:14:33 - [MESSAGE][INFO] - Action delay is set to 0 milliseconds

2023-08-13 14:14:34 - [MESSAGE][PASSED] - Browser is opened with url: ''

2023-08-13 14:14:34 - [TEST_STEP][PASSED] - navigateToUrl("https://the-internet.herokuapp.com/"): Navigate to 'https://the-internet.herokuapp.com/' successfully

2023-08-13 14:14:38 - [MESSAGE][PASSED] - Navigate to 'https://the-internet.herokuapp.com/' successfully

2023-08-13 14:14:38 - [TEST_STEP][PASSED] - click(findTestObject("Object Repository/Auth Page/a_Form Authentication")): Object: 'Object Repository/Auth Page/a_Form Authentication' is clicked on

2023-08-13 14:14:39 - [MESSAGE][PASSED] - Object: 'Object Repository/Auth Page/a_Form Authentication' is clicked on

2023-08-13 14:14:39 - [TEST_STEP][PASSED] - setText(findTestObject("Object Repository/Auth Page/input_Username_username"), tcUname): Text 'tomsmith' is set on object 'Object Repository/Auth Page/input_Username_username'

2023-08-13 14:14:40 - [MESSAGE][PASSED] - Text 'tomsmith' is set on object 'Object Repository/Auth Page/input_Username_username'

2023-08-13 14:14:40 - [TEST_STEP][PASSED] - setText(findTestObject("Object Repository/Auth Page/input_Password_password"), tcPassword): Text 'SuperSecretPassword!' is set on object 'Object Repository/Auth Page/input_Password_password'

2023-08-13 14:14:41 - [MESSAGE][PASSED] - Text 'SuperSecretPassword!' is set on object 'Object Repository/Auth Page/input_Password_password'

2023-08-13 14:14:41 - [TEST_STEP][PASSED] - click(findTestObject("Object Repository/Auth Page/i_Login")): Object: 'Object Repository/Auth Page/i_Login' is clicked on

2023-08-13 14:14:42 - [MESSAGE][PASSED] - Object: 'Object Repository/Auth Page/i_Login' is clicked on

2023-08-13 14:14:42 - [TEST_STEP][PASSED] - verifyElementVisible(findTestObject("Object Repository/Auth Page/h4_Welcome to the Secure Area. When you are_5c73fc")): Object 'Object Repository/Auth Page/h4_Welcome to the Secure Area. When you are_5c73fc' is visible

2023-08-13 14:14:42 - [MESSAGE][PASSED] - Object 'Object Repository/Auth Page/h4_Welcome to the Secure Area. When you are_5c73fc' is visible

2023-08-13 14:14:42 - [TEST_STEP][PASSED] - closeBrowser(): Browser is closed

2023-08-13 14:14:43 - [MESSAGE][PASSED] - Browser is closed]]></system-out>
         <system-err><![CDATA[]]></system-err>
      </testcase>
      <testcase name="Test Cases/Auth Test/Form Auth Data Driven" time="10.545" classname="Test Cases/Auth Test/Form Auth Data Driven" status="PASSED">
         <system-out><![CDATA[2023-08-13 14:14:43 - [TEST_CASE][PASSED] - Test Cases/Auth Test/Form Auth Data Driven: Test Cases/Auth Test/Form Auth Data Driven

2023-08-13 14:14:43 - [TEST_STEP][PASSED] - openBrowser(""): Browser is opened with url: ''

2023-08-13 14:14:43 - [MESSAGE][INFO] - Starting 'Chrome' driver

2023-08-13 14:14:43 - [MESSAGE][INFO] - Action delay is set to 0 milliseconds

2023-08-13 14:14:44 - [MESSAGE][PASSED] - Browser is opened with url: ''

2023-08-13 14:14:44 - [TEST_STEP][PASSED] - navigateToUrl("https://the-internet.herokuapp.com/"): Navigate to 'https://the-internet.herokuapp.com/' successfully

2023-08-13 14:14:49 - [MESSAGE][PASSED] - Navigate to 'https://the-internet.herokuapp.com/' successfully

2023-08-13 14:14:49 - [TEST_STEP][PASSED] - click(findTestObject("Object Repository/Auth Page/a_Form Authentication")): Object: 'Object Repository/Auth Page/a_Form Authentication' is clicked on

2023-08-13 14:14:50 - [MESSAGE][PASSED] - Object: 'Object Repository/Auth Page/a_Form Authentication' is clicked on

2023-08-13 14:14:50 - [TEST_STEP][PASSED] - setText(findTestObject("Object Repository/Auth Page/input_Username_username"), tcUname): Text 'tomsmith' is set on object 'Object Repository/Auth Page/input_Username_username'

2023-08-13 14:14:51 - [MESSAGE][PASSED] - Text 'tomsmith' is set on object 'Object Repository/Auth Page/input_Username_username'

2023-08-13 14:14:51 - [TEST_STEP][PASSED] - setText(findTestObject("Object Repository/Auth Page/input_Password_password"), tcPassword): Text 'SuperSecretPassword!' is set on object 'Object Repository/Auth Page/input_Password_password'

2023-08-13 14:14:51 - [MESSAGE][PASSED] - Text 'SuperSecretPassword!' is set on object 'Object Repository/Auth Page/input_Password_password'

2023-08-13 14:14:51 - [TEST_STEP][PASSED] - click(findTestObject("Object Repository/Auth Page/i_Login")): Object: 'Object Repository/Auth Page/i_Login' is clicked on

2023-08-13 14:14:53 - [MESSAGE][PASSED] - Object: 'Object Repository/Auth Page/i_Login' is clicked on

2023-08-13 14:14:53 - [TEST_STEP][PASSED] - verifyElementVisible(findTestObject("Object Repository/Auth Page/h4_Welcome to the Secure Area. When you are_5c73fc")): Object 'Object Repository/Auth Page/h4_Welcome to the Secure Area. When you are_5c73fc' is visible

2023-08-13 14:14:53 - [MESSAGE][PASSED] - Object 'Object Repository/Auth Page/h4_Welcome to the Secure Area. When you are_5c73fc' is visible

2023-08-13 14:14:53 - [TEST_STEP][PASSED] - closeBrowser(): Browser is closed

2023-08-13 14:14:54 - [MESSAGE][PASSED] - Browser is closed]]></system-out>
         <system-err><![CDATA[]]></system-err>
      </testcase>
      <system-out><![CDATA[2023-08-13 14:14:21 - [TEST_SUITE][PASSED] - Auth Internal Data: Test Cases/Auth Test/Form Auth Data Driven]]></system-out>
      <system-err><![CDATA[]]></system-err>
   </testsuite>
</testsuites>
